2023-03-03 14:39:30,361 [main] DEBUG [c.u.j.c.EnableEncryptablePropertiesBeanFactoryPostProcessor] EnableEncryptablePropertiesBeanFactoryPostProcessor.java:64 - Application Event Raised: ApplicationEnvironmentPreparedEvent
2023-03-03 14:39:30,464 [main] WARN  [c.a.cloud.nacos.client.NacosPropertySourceBuilder] NacosPropertySourceBuilder.java:87 - Ignore the empty nacos configuration and get it based on dataId[oauth2-cloud-auth-server] & group[DEFAULT_GROUP]
2023-03-03 14:39:30,469 [main] WARN  [c.a.cloud.nacos.client.NacosPropertySourceBuilder] NacosPropertySourceBuilder.java:87 - Ignore the empty nacos configuration and get it based on dataId[oauth2-cloud-auth-server.properties] & group[DEFAULT_GROUP]
2023-03-03 14:39:30,469 [main] INFO  [o.s.c.b.c.PropertySourceBootstrapConfiguration] PropertySourceBootstrapConfiguration.java:109 - Located property source: [BootstrapPropertySource@1134601005 {name='bootstrapProperties-oauth2-cloud-auth-server.properties,DEFAULT_GROUP', properties={}}, BootstrapPropertySource@963573938 {name='bootstrapProperties-oauth2-cloud-auth-server,DEFAULT_GROUP', properties={}}]
2023-03-03 14:40:03,121 [main] INFO  [c.u.j.c.EnableEncryptablePropertiesConfiguration] EnableEncryptablePropertiesConfiguration.java:69 - Bootstraping jasypt-string-boot auto configuration in context: oauth2-cloud-gateway-1
2023-03-03 14:40:03,121 [main] INFO  [i.m.o.cloud.gateway.OAuthCloudGateWayApplication] SpringApplication.java:631 - No active profile set, falling back to 1 default profile: "default"
2023-03-03 14:40:04,026 [main] INFO  [o.s.d.r.config.RepositoryConfigurationDelegate] RepositoryConfigurationDelegate.java:262 - Multiple Spring Data modules found, entering strict repository configuration mode
2023-03-03 14:40:04,028 [main] INFO  [o.s.d.r.config.RepositoryConfigurationDelegate] RepositoryConfigurationDelegate.java:132 - Bootstrapping Spring Data Redis repositories in DEFAULT mode.
2023-03-03 14:40:04,034 [main] INFO  [o.s.d.r.config.RepositoryConfigurationDelegate] RepositoryConfigurationDelegate.java:201 - Finished Spring Data repository scanning in 7 ms. Found 0 Redis repository interfaces.
2023-03-03 14:40:04,168 [main] INFO  [o.springframework.cloud.context.scope.GenericScope] GenericScope.java:283 - BeanFactory id=b67f65f4-d52e-3366-8b1a-a0140beef6e2
2023-03-03 14:40:04,177 [main] INFO  [c.u.j.c.EnableEncryptablePropertiesBeanFactoryPostProcessor] EnableEncryptablePropertiesBeanFactoryPostProcessor.java:50 - Post-processing PropertySource instances
2023-03-03 14:40:04,185 [main] INFO  [c.u.j.EncryptablePropertySourceConverter] EncryptablePropertySourceConverter.java:38 - Converting PropertySource configurationProperties [org.springframework.boot.context.properties.source.ConfigurationPropertySourcesPropertySource] to AOP Proxy
2023-03-03 14:40:04,185 [main] INFO  [c.u.j.EncryptablePropertySourceConverter] EncryptablePropertySourceConverter.java:38 - Converting PropertySource gateway-properties [org.springframework.core.env.MapPropertySource] to EncryptableMapPropertySourceWrapper
2023-03-03 14:40:04,185 [main] INFO  [c.u.j.EncryptablePropertySourceConverter] EncryptablePropertySourceConverter.java:38 - Converting PropertySource systemProperties [org.springframework.core.env.PropertiesPropertySource] to EncryptableMapPropertySourceWrapper
2023-03-03 14:40:04,185 [main] INFO  [c.u.j.EncryptablePropertySourceConverter] EncryptablePropertySourceConverter.java:38 - Converting PropertySource systemEnvironment [org.springframework.boot.env.SystemEnvironmentPropertySourceEnvironmentPostProcessor$OriginAwareSystemEnvironmentPropertySource] to EncryptableMapPropertySourceWrapper
2023-03-03 14:40:04,185 [main] INFO  [c.u.j.EncryptablePropertySourceConverter] EncryptablePropertySourceConverter.java:38 - Converting PropertySource random [org.springframework.boot.env.RandomValuePropertySource] to EncryptablePropertySourceWrapper
2023-03-03 14:40:04,185 [main] INFO  [c.u.j.EncryptablePropertySourceConverter] EncryptablePropertySourceConverter.java:38 - Converting PropertySource cachedrandom [org.springframework.cloud.util.random.CachedRandomPropertySource] to EncryptablePropertySourceWrapper
2023-03-03 14:40:04,185 [main] INFO  [c.u.j.EncryptablePropertySourceConverter] EncryptablePropertySourceConverter.java:38 - Converting PropertySource springCloudClientHostInfo [org.springframework.core.env.MapPropertySource] to EncryptableMapPropertySourceWrapper
2023-03-03 14:40:04,186 [main] INFO  [c.u.j.EncryptablePropertySourceConverter] EncryptablePropertySourceConverter.java:38 - Converting PropertySource springCloudDefaultProperties [org.springframework.core.env.MapPropertySource] to EncryptableMapPropertySourceWrapper
2023-03-03 14:40:04,186 [main] INFO  [c.u.j.EncryptablePropertySourceConverter] EncryptablePropertySourceConverter.java:38 - Converting PropertySource defaultProperties [org.springframework.core.env.MapPropertySource] to EncryptableMapPropertySourceWrapper
2023-03-03 14:40:04,188 [main] INFO  [c.u.j.filter.DefaultLazyPropertyFilter] DefaultLazyPropertyFilter.java:31 - Property Filter custom Bean not found with name 'encryptablePropertyFilter'. Initializing Default Property Filter
2023-03-03 14:40:04,406 [main] INFO  [o.s.c.s.PostProcessorRegistrationDelegate$BeanPostProcessorChecker] PostProcessorRegistrationDelegate.java:376 - Bean 'org.springframework.cloud.client.loadbalancer.reactive.LoadBalancerBeanPostProcessorAutoConfiguration' of type [org.springframework.cloud.client.loadbalancer.reactive.LoadBalancerBeanPostProcessorAutoConfiguration] is not eligible for getting processed by all BeanPostProcessors (for example: not eligible for auto-proxying)
2023-03-03 14:40:04,406 [main] INFO  [o.s.c.s.PostProcessorRegistrationDelegate$BeanPostProcessorChecker] PostProcessorRegistrationDelegate.java:376 - Bean 'org.springframework.cloud.client.loadbalancer.reactive.LoadBalancerBeanPostProcessorAutoConfiguration$ReactorDeferringLoadBalancerFilterConfig' of type [org.springframework.cloud.client.loadbalancer.reactive.LoadBalancerBeanPostProcessorAutoConfiguration$ReactorDeferringLoadBalancerFilterConfig] is not eligible for getting processed by all BeanPostProcessors (for example: not eligible for auto-proxying)
2023-03-03 14:40:04,406 [main] INFO  [o.s.c.s.PostProcessorRegistrationDelegate$BeanPostProcessorChecker] PostProcessorRegistrationDelegate.java:376 - Bean 'reactorDeferringLoadBalancerExchangeFilterFunction' of type [org.springframework.cloud.client.loadbalancer.reactive.DeferringLoadBalancerExchangeFilterFunction] is not eligible for getting processed by all BeanPostProcessors (for example: not eligible for auto-proxying)
2023-03-03 14:40:07,886 [main] INFO  [c.a.c.s.gateway.scg.SentinelSCGAutoConfiguration] SentinelSCGAutoConfiguration.java:144 - [Sentinel SpringCloudGateway] register SentinelGatewayFilter with order: -2147483648
2023-03-03 14:40:07,970 [main] INFO  [o.s.c.gateway.route.RouteDefinitionRouteLocator] RouteDefinitionRouteLocator.java:88 - Loaded RoutePredicateFactory [After]
2023-03-03 14:40:07,970 [main] INFO  [o.s.c.gateway.route.RouteDefinitionRouteLocator] RouteDefinitionRouteLocator.java:88 - Loaded RoutePredicateFactory [Before]
2023-03-03 14:40:07,970 [main] INFO  [o.s.c.gateway.route.RouteDefinitionRouteLocator] RouteDefinitionRouteLocator.java:88 - Loaded RoutePredicateFactory [Between]
2023-03-03 14:40:07,970 [main] INFO  [o.s.c.gateway.route.RouteDefinitionRouteLocator] RouteDefinitionRouteLocator.java:88 - Loaded RoutePredicateFactory [Cookie]
2023-03-03 14:40:07,971 [main] INFO  [o.s.c.gateway.route.RouteDefinitionRouteLocator] RouteDefinitionRouteLocator.java:88 - Loaded RoutePredicateFactory [Header]
2023-03-03 14:40:07,971 [main] INFO  [o.s.c.gateway.route.RouteDefinitionRouteLocator] RouteDefinitionRouteLocator.java:88 - Loaded RoutePredicateFactory [Host]
2023-03-03 14:40:07,971 [main] INFO  [o.s.c.gateway.route.RouteDefinitionRouteLocator] RouteDefinitionRouteLocator.java:88 - Loaded RoutePredicateFactory [Method]
2023-03-03 14:40:07,971 [main] INFO  [o.s.c.gateway.route.RouteDefinitionRouteLocator] RouteDefinitionRouteLocator.java:88 - Loaded RoutePredicateFactory [Path]
2023-03-03 14:40:07,971 [main] INFO  [o.s.c.gateway.route.RouteDefinitionRouteLocator] RouteDefinitionRouteLocator.java:88 - Loaded RoutePredicateFactory [Query]
2023-03-03 14:40:07,972 [main] INFO  [o.s.c.gateway.route.RouteDefinitionRouteLocator] RouteDefinitionRouteLocator.java:88 - Loaded RoutePredicateFactory [ReadBody]
2023-03-03 14:40:07,972 [main] INFO  [o.s.c.gateway.route.RouteDefinitionRouteLocator] RouteDefinitionRouteLocator.java:88 - Loaded RoutePredicateFactory [RemoteAddr]
2023-03-03 14:40:07,973 [main] INFO  [o.s.c.gateway.route.RouteDefinitionRouteLocator] RouteDefinitionRouteLocator.java:88 - Loaded RoutePredicateFactory [XForwardedRemoteAddr]
2023-03-03 14:40:07,973 [main] INFO  [o.s.c.gateway.route.RouteDefinitionRouteLocator] RouteDefinitionRouteLocator.java:88 - Loaded RoutePredicateFactory [Weight]
2023-03-03 14:40:07,973 [main] INFO  [o.s.c.gateway.route.RouteDefinitionRouteLocator] RouteDefinitionRouteLocator.java:88 - Loaded RoutePredicateFactory [CloudFoundryRouteService]
2023-03-03 14:40:08,595 [main] INFO  [c.u.j.resolver.DefaultLazyPropertyResolver] DefaultLazyPropertyResolver.java:31 - Property Resolver custom Bean not found with name 'encryptablePropertyResolver'. Initializing Default Property Resolver
2023-03-03 14:40:08,595 [main] INFO  [c.u.j.detector.DefaultLazyPropertyDetector] DefaultLazyPropertyDetector.java:30 - Property Detector custom Bean not found with name 'encryptablePropertyDetector'. Initializing Default Property Detector
2023-03-03 14:40:08,700 [main] INFO  [o.s.b.actuate.endpoint.web.EndpointLinksResolver] EndpointLinksResolver.java:58 - Exposing 1 endpoint(s) beneath base path '/actuator'
2023-03-03 14:40:08,751 [main] INFO  [c.a.c.s.gateway.scg.SentinelSCGAutoConfiguration] SentinelSCGAutoConfiguration.java:134 - [Sentinel SpringCloudGateway] register SentinelGatewayBlockExceptionHandler
2023-03-03 14:40:08,950 [main] INFO  [o.s.b.a.s.r.ReactiveUserDetailsServiceAutoConfiguration] ReactiveUserDetailsServiceAutoConfiguration.java:87 - 

Using generated security password: 7fda824c-e5f1-4999-86ca-ee519aceb6f4

2023-03-03 14:40:14,349 [main] INFO  [o.s.boot.web.embedded.netty.NettyWebServer] NettyWebServer.java:111 - Netty started on port 8089
2023-03-03 14:40:17,224 [main] INFO  [c.a.cloud.nacos.registry.NacosServiceRegistry] NacosServiceRegistry.java:75 - nacos registry, DEFAULT_GROUP oauth2-cloud-gateway 30.45.70.64:8089 register finished
2023-03-03 14:40:17,246 [main] INFO  [i.m.o.cloud.gateway.OAuthCloudGateWayApplication] StartupInfoLogger.java:61 - Started OAuthCloudGateWayApplication in 16.963 seconds (JVM running for 18.423)
2023-03-03 14:41:44,686 [main] DEBUG [c.u.j.c.EnableEncryptablePropertiesBeanFactoryPostProcessor] EnableEncryptablePropertiesBeanFactoryPostProcessor.java:64 - Application Event Raised: ApplicationEnvironmentPreparedEvent
2023-03-03 14:41:44,786 [main] WARN  [c.a.cloud.nacos.client.NacosPropertySourceBuilder] NacosPropertySourceBuilder.java:87 - Ignore the empty nacos configuration and get it based on dataId[oauth2-cloud-upms-biz] & group[DEFAULT_GROUP]
2023-03-03 14:41:44,790 [main] WARN  [c.a.cloud.nacos.client.NacosPropertySourceBuilder] NacosPropertySourceBuilder.java:87 - Ignore the empty nacos configuration and get it based on dataId[oauth2-cloud-upms-biz.properties] & group[DEFAULT_GROUP]
2023-03-03 14:41:44,791 [main] INFO  [o.s.c.b.c.PropertySourceBootstrapConfiguration] PropertySourceBootstrapConfiguration.java:109 - Located property source: [BootstrapPropertySource@934223763 {name='bootstrapProperties-oauth2-cloud-upms-biz.properties,DEFAULT_GROUP', properties={}}, BootstrapPropertySource@2005762793 {name='bootstrapProperties-oauth2-cloud-upms-biz,DEFAULT_GROUP', properties={}}]
